# JRE version: OpenJDK Runtime Environment (16.0.1+9) (build 16.0.1+9-24)
# Java VM: OpenJDK 64-Bit Server VM (16.0.1+9-24, mixed mode, tiered, compressed oops, compressed class ptrs, g1 gc, windows-amd64)
GC Precious Log:
 CPUs: 4 total, 4 available
 Memory: 16178M
 Large Page Support: Disabled
 NUMA Support: Disabled
 Compressed Oops: Enabled (Zero based)
 Heap Region Size: 2M
 Heap Min Capacity: 8M
 Heap Initial Capacity: 254M
 Heap Max Capacity: 4046M
 Pre-touch: Disabled
 Parallel Workers: 4
 Concurrent Workers: 1
 Concurrent Refinement Workers: 4
 Periodic GC: Disabled
Heap:
 garbage-first heap   total 108544K, used 54624K [0x0000000703200000, 0x0000000800000000)
  region size 2048K, 12 young (24576K), 1 survivors (2048K)
 Metaspace       used 75388K, committed 75904K, reserved 1122304K
  class space    used 8975K, committed 9216K, reserved 1048576K
GC Heap History (20 events):
Event: 48975.791 GC heap before
{Heap before GC invocations=68 (full 4):
 garbage-first heap   total 108544K, used 87720K [0x0000000703200000, 0x0000000800000000)
  region size 2048K, 28 young (57344K), 2 survivors (4096K)
 Metaspace       used 75336K, committed 75904K, reserved 1122304K
  class space    used 8975K, committed 9216K, reserved 1048576K
}
Event: 48975.793 GC heap after
{Heap after GC invocations=69 (full 4):
 garbage-first heap   total 108544K, used 34292K [0x0000000703200000, 0x0000000800000000)
  region size 2048K, 2 young (4096K), 2 survivors (4096K)
 Metaspace       used 75336K, committed 75904K, reserved 1122304K
  class space    used 8975K, committed 9216K, reserved 1048576K
}
Event: 49741.797 GC heap before
{Heap before GC invocations=69 (full 4):
 garbage-first heap   total 108544K, used 87540K [0x0000000703200000, 0x0000000800000000)
  region size 2048K, 28 young (57344K), 2 survivors (4096K)
 Metaspace       used 75339K, committed 75904K, reserved 1122304K
  class space    used 8975K, committed 9216K, reserved 1048576K
}
Event: 49741.799 GC heap after
{Heap after GC invocations=70 (full 4):
 garbage-first heap   total 108544K, used 34383K [0x0000000703200000, 0x0000000800000000)
  region size 2048K, 2 young (4096K), 2 survivors (4096K)
 Metaspace       used 75339K, committed 75904K, reserved 1122304K
  class space    used 8975K, committed 9216K, reserved 1048576K
}
Event: 50561.368 GC heap before
{Heap before GC invocations=70 (full 4):
 garbage-first heap   total 108544K, used 87631K [0x0000000703200000, 0x0000000800000000)
  region size 2048K, 28 young (57344K), 2 survivors (4096K)
 Metaspace       used 75339K, committed 75904K, reserved 1122304K
  class space    used 8975K, committed 9216K, reserved 1048576K
}
Event: 50561.371 GC heap after
{Heap after GC invocations=71 (full 4):
 garbage-first heap   total 108544K, used 34368K [0x0000000703200000, 0x0000000800000000)
  region size 2048K, 2 young (4096K), 2 survivors (4096K)
 Metaspace       used 75339K, committed 75904K, reserved 1122304K
  class space    used 8975K, committed 9216K, reserved 1048576K
}
Event: 51343.257 GC heap before
{Heap before GC invocations=71 (full 4):
 garbage-first heap   total 108544K, used 87616K [0x0000000703200000, 0x0000000800000000)
  region size 2048K, 28 young (57344K), 2 survivors (4096K)
 Metaspace       used 75347K, committed 75904K, reserved 1122304K
  class space    used 8975K, committed 9216K, reserved 1048576K
}
Event: 51343.259 GC heap after
{Heap after GC invocations=72 (full 4):
 garbage-first heap   total 108544K, used 34462K [0x0000000703200000, 0x0000000800000000)
  region size 2048K, 2 young (4096K), 2 survivors (4096K)
 Metaspace       used 75347K, committed 75904K, reserved 1122304K
  class space    used 8975K, committed 9216K, reserved 1048576K
}
Event: 52144.532 GC heap before
{Heap before GC invocations=72 (full 4):
 garbage-first heap   total 108544K, used 87710K [0x0000000703200000, 0x0000000800000000)
  region size 2048K, 28 young (57344K), 2 survivors (4096K)
 Metaspace       used 75353K, committed 75904K, reserved 1122304K
  class space    used 8975K, committed 9216K, reserved 1048576K
}
Event: 52144.537 GC heap after
{Heap after GC invocations=73 (full 4):
 garbage-first heap   total 108544K, used 34385K [0x0000000703200000, 0x0000000800000000)
  region size 2048K, 1 young (2048K), 1 survivors (2048K)
 Metaspace       used 75353K, committed 75904K, reserved 1122304K
  class space    used 8975K, committed 9216K, reserved 1048576K
}
Event: 52989.926 GC heap before
{Heap before GC invocations=73 (full 4):
 garbage-first heap   total 108544K, used 89681K [0x0000000703200000, 0x0000000800000000)
  region size 2048K, 28 young (57344K), 1 survivors (2048K)
 Metaspace       used 75353K, committed 75904K, reserved 1122304K
  class space    used 8975K, committed 9216K, reserved 1048576K
}
Event: 52989.928 GC heap after
{Heap after GC invocations=74 (full 4):
 garbage-first heap   total 108544K, used 34233K [0x0000000703200000, 0x0000000800000000)
  region size 2048K, 1 young (2048K), 1 survivors (2048K)
 Metaspace       used 75353K, committed 75904K, reserved 1122304K
  class space    used 8975K, committed 9216K, reserved 1048576K
}
Event: 53783.921 GC heap before
{Heap before GC invocations=74 (full 4):
 garbage-first heap   total 108544K, used 89529K [0x0000000703200000, 0x0000000800000000)
  region size 2048K, 28 young (57344K), 1 survivors (2048K)
 Metaspace       used 75361K, committed 75904K, reserved 1122304K
  class space    used 8975K, committed 9216K, reserved 1048576K
}
Event: 53783.922 GC heap after
{Heap after GC invocations=75 (full 4):
 garbage-first heap   total 108544K, used 34337K [0x0000000703200000, 0x0000000800000000)
  region size 2048K, 1 young (2048K), 1 survivors (2048K)
 Metaspace       used 75361K, committed 75904K, reserved 1122304K
  class space    used 8975K, committed 9216K, reserved 1048576K
}
Event: 54625.923 GC heap before
{Heap before GC invocations=75 (full 4):
 garbage-first heap   total 108544K, used 89633K [0x0000000703200000, 0x0000000800000000)
  region size 2048K, 28 young (57344K), 1 survivors (2048K)
 Metaspace       used 75361K, committed 75904K, reserved 1122304K
  class space    used 8975K, committed 9216K, reserved 1048576K
}
Event: 54625.924 GC heap after
{Heap after GC invocations=76 (full 4):
 garbage-first heap   total 108544K, used 34140K [0x0000000703200000, 0x0000000800000000)
  region size 2048K, 1 young (2048K), 1 survivors (2048K)
 Metaspace       used 75361K, committed 75904K, reserved 1122304K
  class space    used 8975K, committed 9216K, reserved 1048576K
}
Event: 55421.286 GC heap before
{Heap before GC invocations=76 (full 4):
 garbage-first heap   total 108544K, used 89436K [0x0000000703200000, 0x0000000800000000)
  region size 2048K, 28 young (57344K), 1 survivors (2048K)
 Metaspace       used 75378K, committed 75904K, reserved 1122304K
  class space    used 8975K, committed 9216K, reserved 1048576K
}
Event: 55421.311 GC heap after
{Heap after GC invocations=77 (full 4):
 garbage-first heap   total 108544K, used 34310K [0x0000000703200000, 0x0000000800000000)
  region size 2048K, 1 young (2048K), 1 survivors (2048K)
 Metaspace       used 75378K, committed 75904K, reserved 1122304K
  class space    used 8975K, committed 9216K, reserved 1048576K
}
Event: 56272.702 GC heap before
{Heap before GC invocations=77 (full 4):
 garbage-first heap   total 108544K, used 89606K [0x0000000703200000, 0x0000000800000000)
  region size 2048K, 28 young (57344K), 1 survivors (2048K)
 Metaspace       used 75378K, committed 75904K, reserved 1122304K
  class space    used 8975K, committed 9216K, reserved 1048576K
}
Event: 56273.141 GC heap after
{Heap after GC invocations=78 (full 4):
 garbage-first heap   total 108544K, used 34144K [0x0000000703200000, 0x0000000800000000)
  region size 2048K, 1 young (2048K), 1 survivors (2048K)
 Metaspace       used 75378K, committed 75904K, reserved 1122304K
  class space    used 8975K, committed 9216K, reserved 1048576K
}

